<?xml version="1.0" encoding="UTF-8"?>
<!-- Generated by org.testng.reporters.JUnitReportReporter -->
<testsuite hostname="LAPTOP-SC1CM3T2" failures="0" tests="1" name="BROWSER.Lumebrowsertest" time="29.343" errors="0" timestamp="2024-06-21T20:10:12 IST" skipped="0">
  <testcase classname="BROWSER.Lumebrowsertest" name="lumewebsitestabality" time="29.343"/>
  <system-out/>
</testsuite> <!-- BROWSER.Lumebrowsertest -->
