<?xml version="1.0" encoding="UTF-8"?>
<!-- Generated by org.testng.reporters.JUnitReportReporter -->
<testsuite hostname="LAPTOP-SC1CM3T2" failures="0" tests="1" name="BROWSER.Testbrowser" time="8.760" errors="0" timestamp="2024-06-20T18:08:07 IST" skipped="0">
  <testcase classname="BROWSER.Testbrowser" name="tc1" time="8.760"/>
  <system-out/>
</testsuite> <!-- BROWSER.Testbrowser -->
